0 info it worked if it ends with ok
1 verbose cli [ 'C:\\Program Files\\nodejs\\node.exe',
1 verbose cli   'C:\\Program Files\\nodejs\\node_modules\\npm\\bin\\npm-cli.js',
1 verbose cli   'run',
1 verbose cli   '404' ]
2 info using npm@3.10.10
3 info using node@v6.9.5
4 verbose run-script [ 'pre404', '404', 'post404' ]
5 info lifecycle agile-times@0.1.0~pre404: agile-times@0.1.0
6 silly lifecycle agile-times@0.1.0~pre404: no script for pre404, continuing
7 info lifecycle agile-times@0.1.0~404: agile-times@0.1.0
8 verbose lifecycle agile-times@0.1.0~404: unsafe-perm in lifecycle true
9 verbose lifecycle agile-times@0.1.0~404: PATH: C:\Program Files\nodejs\node_modules\npm\bin\node-gyp-bin;E:\data\pluralsight\primeng\agile-times\node_modules\.bin;C:\Program Files\Docker\Docker\Resources\bin;C:\Program Files\Python27\;C:\Program Files\Python27\Scripts;C:\ProgramData\Oracle\Java\javapath;C:\WINDOWS\system32;C:\WINDOWS;C:\WINDOWS\System32\Wbem;C:\WINDOWS\System32\WindowsPowerShell\v1.0\;E:\Program Files\Java\jdk1.8.0_25\bin;%GRAILS_HOME%\bin;e:\data\bin;C:\Program Files\Sublime Text 2;E:\java_apps\apache-maven-3.1.0\bin;E:\java_apps\gradle-2.13\bin;%GROOVY_HOME%\bin;E:\java_apps\forge-distribution-1.1.1.Final\bin;E:\data\bin;C:\Program Files (x86)\Common Files\Acronis\SnapAPI\;C:\Program Files (x86)\GtkSharp\2.12\bin;E:\Program Files (x86)\QuickTime\QTSystem\;C:\Users\Glen\AppData\Roaming\npm;C:\Program Files\Microsoft\Web Platform Installer\;C:\Program Files (x86)\Microsoft SDKs\Azure\CLI\wbin;C:\Program Files\Microsoft DNX\Dnvm\;C:\Program Files\Git\cmd;C:\Program Files\OpenVPN\bin;C:\Program Files (x86)\JetBrains\WebStorm 2016.2\bin;C:\Program Files (x86)\Calibre2\;C:\Program Files (x86)\NVIDIA Corporation\PhysX\Common;C:\Program Files (x86)\Microsoft Emulator Manager\1.0\;C:\ProgramData\chocolatey\bin;C:\Program Files\nodejs\;C:\Program Files (x86)\Skype\Phone\;C:\WINDOWS\system32;C:\WINDOWS;C:\WINDOWS\System32\Wbem;C:\WINDOWS\System32\WindowsPowerShell\v1.0\;C:\Ruby22\bin;C:\Program Files (x86)\NVIDIA Corporation\PhysX\Common;C:\Program Files (x86)\Common Files\Intel\Shared Files\cpp\bin\Intel64;C:\WINDOWS\system32;C:\WINDOWS;C:\WINDOWS\System32\Wbem;C:\WINDOWS\System32\WindowsPowerShell\v1.0\;e:\Program Files (x86)\Microsoft SQL Server\110\Tools\Binn\;e:\Program Files\Microsoft SQL Server\110\Tools\Binn\;e:\Program Files\Microsoft SQL Server\110\DTS\Binn\;e:\Program Files (x86)\Microsoft SQL Server\110\Tools\Binn\ManagementStudio\;e:\Program Files (x86)\Microsoft SQL Server\110\DTS\Binn\;e:\data\bin;C:\Program Files\Sublime Text 2;C:\Program Files (x86)\Git\cmd;E:\java_apps\gradle-2.13\bin;E:\java_apps\apache-maven-3.1.0\bin;E:\java_apps\forge-distribution-1.1.1.Final\bin;E:\data\bin;C:\Program Files\TortoiseSVN\bin;C:\Program Files (x86)\Windows Kits\8.0\Windows Performance Toolkit\;E:\Program Files (x86)\QuickTime\QTSystem\;C:\Program Files (x86)\Common Files\Acronis\SnapAPI\;E:;C:\Program Files (x86)\Microsoft VS Code\bin;E:\data\npm;C:\Users\Glen\AppData\Local\Microsoft\WindowsApps;C:\Users\Glen\AppData\Roaming\npm;
10 verbose lifecycle agile-times@0.1.0~404: CWD: E:\data\pluralsight\primeng\agile-times
11 silly lifecycle agile-times@0.1.0~404: Args: [ '/d /s /c', 'copy dist/index.html dist/404.html' ]
12 silly lifecycle agile-times@0.1.0~404: Returned: code: 1  signal: null
13 info lifecycle agile-times@0.1.0~404: Failed to exec 404 script
14 verbose stack Error: agile-times@0.1.0 404: `copy dist/index.html dist/404.html`
14 verbose stack Exit status 1
14 verbose stack     at EventEmitter.<anonymous> (C:\Program Files\nodejs\node_modules\npm\lib\utils\lifecycle.js:255:16)
14 verbose stack     at emitTwo (events.js:106:13)
14 verbose stack     at EventEmitter.emit (events.js:191:7)
14 verbose stack     at ChildProcess.<anonymous> (C:\Program Files\nodejs\node_modules\npm\lib\utils\spawn.js:40:14)
14 verbose stack     at emitTwo (events.js:106:13)
14 verbose stack     at ChildProcess.emit (events.js:191:7)
14 verbose stack     at maybeClose (internal/child_process.js:877:16)
14 verbose stack     at Process.ChildProcess._handle.onexit (internal/child_process.js:226:5)
15 verbose pkgid agile-times@0.1.0
16 verbose cwd E:\data\pluralsight\primeng\agile-times\dist
17 error Windows_NT 10.0.15063
18 error argv "C:\\Program Files\\nodejs\\node.exe" "C:\\Program Files\\nodejs\\node_modules\\npm\\bin\\npm-cli.js" "run" "404"
19 error node v6.9.5
20 error npm  v3.10.10
21 error code ELIFECYCLE
22 error agile-times@0.1.0 404: `copy dist/index.html dist/404.html`
22 error Exit status 1
23 error Failed at the agile-times@0.1.0 404 script 'copy dist/index.html dist/404.html'.
23 error Make sure you have the latest version of node.js and npm installed.
23 error If you do, this is most likely a problem with the agile-times package,
23 error not with npm itself.
23 error Tell the author that this fails on your system:
23 error     copy dist/index.html dist/404.html
23 error You can get information on how to open an issue for this project with:
23 error     npm bugs agile-times
23 error Or if that isn't available, you can get their info via:
23 error     npm owner ls agile-times
23 error There is likely additional logging output above.
24 verbose exit [ 1, true ]
